[0m21:16:25.574171 [debug] [MainThread]: Sending event: {'category': 'dbt', 'action': 'invocation', 'label': 'start', 'context': [<snowplow_tracker.self_describing_json.SelfDescribingJson object at 0x00000182B74852D0>, <snowplow_tracker.self_describing_json.SelfDescribingJson object at 0x00000182B96722C0>, <snowplow_tracker.self_describing_json.SelfDescribingJson object at 0x00000182B9673D60>]}


============================== 21:16:25.578563 | 4043e894-de04-4a57-aa8f-5d558d414810 ==============================
[0m21:16:25.578563 [info ] [MainThread]: Running with dbt=1.11.7
[0m21:16:25.579913 [debug] [MainThread]: running dbt with arguments {'static_parser': 'True', 'no_print': 'None', 'version_check': 'True', 'warn_error_options': 'WarnErrorOptionsV2(error=[], warn=[], silence=[])', 'target_path': 'None', 'printer_width': '80', 'write_json': 'True', 'empty': 'None', 'log_cache_events': 'False', 'introspect': 'True', 'cache_selected_only': 'False', 'fail_fast': 'False', 'debug': 'False', 'log_format': 'default', 'partial_parse': 'True', 'send_anonymous_usage_stats': 'True', 'quiet': 'False', 'warn_error': 'None', 'profiles_dir': 'C:\\Users\\Admin\\.dbt', 'use_colors': 'True', 'invocation_command': 'dbt init netflix', 'indirect_selection': 'eager', 'use_experimental_parser': 'False', 'log_path': 'logs'}
[0m21:16:25.602309 [info ] [MainThread]: Creating dbt configuration folder at C:\Users\Admin\.dbt
[0m21:16:25.605406 [debug] [MainThread]: Starter project path: C:\Users\Admin\Data Engineering\netflixdbt\data-engineer\lib\site-packages\dbt\include\starter_project
[0m21:16:25.674250 [info ] [MainThread]: 
Your new dbt project "netflix" was created!

For more information on how to configure the profiles.yml file,
please consult the dbt documentation here:

  https://docs.getdbt.com/docs/configure-your-profile

One more thing:

Need help? Don't hesitate to reach out to us via GitHub issues or on Slack:

  https://community.getdbt.com/

Happy modeling!

[0m21:16:25.675274 [info ] [MainThread]: Setting up your profile.
[0m21:23:17.323868 [info ] [MainThread]: Profile netflix written to C:\Users\Admin\.dbt\profiles.yml using target's profile_template.yml and your supplied values. Run 'dbt debug' to validate the connection.
[0m21:23:17.326392 [debug] [MainThread]: Command `dbt init` succeeded at 21:23:17.326392 after 411.85 seconds
[0m21:23:17.326392 [debug] [MainThread]: Sending event: {'category': 'dbt', 'action': 'invocation', 'label': 'end', 'context': [<snowplow_tracker.self_describing_json.SelfDescribingJson object at 0x00000182B74852D0>, <snowplow_tracker.self_describing_json.SelfDescribingJson object at 0x00000182B9670B20>, <snowplow_tracker.self_describing_json.SelfDescribingJson object at 0x00000182B962AE30>]}
[0m21:23:17.327555 [debug] [MainThread]: Flushing usage events
[0m21:23:17.730882 [debug] [MainThread]: An error was encountered while trying to flush usage events
[0m21:53:48.574983 [debug] [MainThread]: Sending event: {'category': 'dbt', 'action': 'invocation', 'label': 'start', 'context': [<snowplow_tracker.self_describing_json.SelfDescribingJson object at 0x000001BFB2E29000>, <snowplow_tracker.self_describing_json.SelfDescribingJson object at 0x000001BFB4062830>, <snowplow_tracker.self_describing_json.SelfDescribingJson object at 0x000001BFB4063BB0>]}


============================== 21:53:48.578490 | 4153c0b0-7096-4911-bc3c-ced927154aba ==============================
[0m21:53:48.578490 [info ] [MainThread]: Running with dbt=1.11.7
[0m21:53:48.580748 [debug] [MainThread]: running dbt with arguments {'static_parser': 'True', 'no_print': 'None', 'version_check': 'True', 'warn_error_options': 'WarnErrorOptionsV2(error=[], warn=[], silence=[])', 'target_path': 'None', 'printer_width': '80', 'write_json': 'True', 'empty': 'False', 'log_cache_events': 'False', 'introspect': 'True', 'cache_selected_only': 'False', 'fail_fast': 'False', 'debug': 'False', 'log_format': 'default', 'profiles_dir': 'C:\\Users\\Admin\\.dbt', 'send_anonymous_usage_stats': 'True', 'quiet': 'False', 'warn_error': 'None', 'partial_parse': 'True', 'indirect_selection': 'eager', 'use_colors': 'True', 'invocation_command': 'dbt run', 'use_experimental_parser': 'False', 'log_path': 'logs'}
[0m21:53:48.581840 [error] [MainThread]: Encountered an error:
Runtime Error
  No dbt_project.yml found at expected path C:\Users\Admin\Data Engineering\netflixdbt\dbt_project.yml
  Verify that each entry within packages.yml (and their transitive dependencies) contains a file named dbt_project.yml
  
[0m21:53:48.583065 [debug] [MainThread]: Command `dbt run` failed at 21:53:48.583065 after 0.10 seconds
[0m21:53:48.583065 [debug] [MainThread]: Sending event: {'category': 'dbt', 'action': 'invocation', 'label': 'end', 'context': [<snowplow_tracker.self_describing_json.SelfDescribingJson object at 0x000001BFB2E29000>, <snowplow_tracker.self_describing_json.SelfDescribingJson object at 0x000001BFB40612A0>, <snowplow_tracker.self_describing_json.SelfDescribingJson object at 0x000001BFB4062D40>]}
[0m21:53:48.584252 [debug] [MainThread]: Flushing usage events
[0m21:53:48.935547 [debug] [MainThread]: An error was encountered while trying to flush usage events
[0m15:38:28.401715 [debug] [MainThread]: Sending event: {'category': 'dbt', 'action': 'invocation', 'label': 'start', 'context': [<snowplow_tracker.self_describing_json.SelfDescribingJson object at 0x000001CD39A18FD0>, <snowplow_tracker.self_describing_json.SelfDescribingJson object at 0x000001CD3AC4EFB0>, <snowplow_tracker.self_describing_json.SelfDescribingJson object at 0x000001CD3AC4FFD0>]}


============================== 15:38:28.406141 | 1644c23b-ac80-49a5-8c52-f6804a1c88ea ==============================
[0m15:38:28.406141 [info ] [MainThread]: Running with dbt=1.11.7
[0m15:38:28.407140 [debug] [MainThread]: running dbt with arguments {'static_parser': 'True', 'no_print': 'None', 'version_check': 'True', 'target_path': 'None', 'warn_error_options': 'WarnErrorOptionsV2(error=[], warn=[], silence=[])', 'printer_width': '80', 'write_json': 'True', 'empty': 'False', 'log_cache_events': 'False', 'introspect': 'True', 'cache_selected_only': 'False', 'log_format': 'default', 'debug': 'False', 'fail_fast': 'False', 'partial_parse': 'True', 'send_anonymous_usage_stats': 'True', 'quiet': 'False', 'warn_error': 'None', 'profiles_dir': 'C:\\Users\\Admin\\.dbt', 'use_colors': 'True', 'invocation_command': 'dbt run', 'indirect_selection': 'eager', 'use_experimental_parser': 'False', 'log_path': 'logs'}
[0m15:38:28.408137 [error] [MainThread]: Encountered an error:
Runtime Error
  No dbt_project.yml found at expected path C:\Users\Admin\Data Engineering\netflixdbt\dbt_project.yml
  Verify that each entry within packages.yml (and their transitive dependencies) contains a file named dbt_project.yml
  
[0m15:38:28.410132 [debug] [MainThread]: Command `dbt run` failed at 15:38:28.410132 after 0.09 seconds
[0m15:38:28.411158 [debug] [MainThread]: Sending event: {'category': 'dbt', 'action': 'invocation', 'label': 'end', 'context': [<snowplow_tracker.self_describing_json.SelfDescribingJson object at 0x000001CD39A18FD0>, <snowplow_tracker.self_describing_json.SelfDescribingJson object at 0x000001CD3AC4EEC0>, <snowplow_tracker.self_describing_json.SelfDescribingJson object at 0x000001CD3AC4EBC0>]}
[0m15:38:28.411158 [debug] [MainThread]: Flushing usage events
[0m15:38:28.739992 [debug] [MainThread]: An error was encountered while trying to flush usage events
[0m15:46:12.571811 [debug] [MainThread]: Sending event: {'category': 'dbt', 'action': 'invocation', 'label': 'start', 'context': [<snowplow_tracker.self_describing_json.SelfDescribingJson object at 0x0000027E38C99090>, <snowplow_tracker.self_describing_json.SelfDescribingJson object at 0x0000027E39D476A0>, <snowplow_tracker.self_describing_json.SelfDescribingJson object at 0x0000027E39D476D0>]}


============================== 15:46:12.576351 | 67319bed-0b91-4e9b-90dd-ac2a622545ea ==============================
[0m15:46:12.576351 [info ] [MainThread]: Running with dbt=1.11.7
[0m15:46:12.576351 [debug] [MainThread]: running dbt with arguments {'static_parser': 'True', 'no_print': 'None', 'version_check': 'True', 'warn_error_options': 'WarnErrorOptionsV2(error=[], warn=[], silence=[])', 'target_path': 'None', 'printer_width': '80', 'write_json': 'True', 'introspect': 'True', 'log_cache_events': 'False', 'empty': 'False', 'cache_selected_only': 'False', 'fail_fast': 'False', 'debug': 'False', 'log_format': 'default', 'partial_parse': 'True', 'send_anonymous_usage_stats': 'True', 'quiet': 'False', 'warn_error': 'None', 'profiles_dir': 'C:\\Users\\Admin\\.dbt', 'indirect_selection': 'eager', 'use_colors': 'True', 'invocation_command': 'dbt run', 'use_experimental_parser': 'False', 'log_path': 'logs'}
[0m15:46:12.577801 [error] [MainThread]: Encountered an error:
Runtime Error
  No dbt_project.yml found at expected path C:\Users\Admin\Data Engineering\netflixdbt\dbt_project.yml
  Verify that each entry within packages.yml (and their transitive dependencies) contains a file named dbt_project.yml
  
[0m15:46:12.578828 [debug] [MainThread]: Command `dbt run` failed at 15:46:12.578828 after 0.11 seconds
[0m15:46:12.580193 [debug] [MainThread]: Sending event: {'category': 'dbt', 'action': 'invocation', 'label': 'end', 'context': [<snowplow_tracker.self_describing_json.SelfDescribingJson object at 0x0000027E38C99090>, <snowplow_tracker.self_describing_json.SelfDescribingJson object at 0x0000027E39D47DF0>, <snowplow_tracker.self_describing_json.SelfDescribingJson object at 0x0000027E39D47760>]}
[0m15:46:12.580193 [debug] [MainThread]: Flushing usage events
[0m15:46:12.974074 [debug] [MainThread]: An error was encountered while trying to flush usage events
